<?xml version="1.0" encoding="UTF-8"?>
<!-- Generated by org.testng.reporters.JUnitReportReporter -->
<testsuite hostname="SCHATRADI-3W10" failures="0" tests="1" name="Test1.SeleniumDemo" time="0.290" errors="0" timestamp="2021-04-30T17:35:32 EDT" skipped="0">
  <testcase classname="Test1.SeleniumDemo" name="userLogin" time="0.290"/>
  <system-out/>
</testsuite> <!-- Test1.SeleniumDemo -->
